[35m[1mConsolidate compiler generated dependencies of target alpaka_welding_cobot_moveit[0m
[ 33%] [32mBuilding CXX object CMakeFiles/alpaka_welding_cobot_moveit.dir/src/ml_receiver_node_driver.cpp.o[0m
[01m[K/home/alpaka-admin/my_alpaka_urdf_ws/src/alpaka_welding_cobot_moveit/src/ml_receiver_node_driver.cpp:[m[K In member function â€˜[01m[Kvoid MlReceiverMoveitNode::onPointReceiveCallback(geometry_msgs::msg::Point_<std::allocator<void> >::SharedPtr)[m[Kâ€™:
[01m[K/home/alpaka-admin/my_alpaka_urdf_ws/src/alpaka_welding_cobot_moveit/src/ml_receiver_node_driver.cpp:91:37:[m[K [01;31m[Kerror: [m[Kâ€˜[01m[Kclass MlReceiverMoveitNode[m[Kâ€™ has no member named â€˜[01m[KmultiplyQuarternion[m[Kâ€™; did you mean â€˜[01m[KmultiplyQuaternion[m[Kâ€™?
   91 |     target_pose.orientation = this->[01;31m[KmultiplyQuarternion[m[K(target_pose.orientation, transform_camera_world.rotation);
      |                                     [01;31m[K^~~~~~~~~~~~~~~~~~~[m[K
      |                                     [32m[KmultiplyQuaternion[m[K
[01m[K/home/alpaka-admin/my_alpaka_urdf_ws/src/alpaka_welding_cobot_moveit/src/ml_receiver_node_driver.cpp:91:105:[m[K [01;31m[Kerror: [m[Kâ€˜[01m[Kusing TransformStamped = struct geometry_msgs::msg::TransformStamped_<std::allocator<void> >[m[Kâ€™ {aka â€˜[01m[Kstruct geometry_msgs::msg::TransformStamped_<std::allocator<void> >[m[Kâ€™} has no member named â€˜[01m[Krotation[m[Kâ€™
   91 |     target_pose.orientation = this->multiplyQuarternion(target_pose.orientation, transform_camera_world.[01;31m[Krotation[m[K);
      |                                                                                                         [01;31m[K^~~~~~~~[m[K
gmake[2]: *** [CMakeFiles/alpaka_welding_cobot_moveit.dir/build.make:90: CMakeFiles/alpaka_welding_cobot_moveit.dir/src/ml_receiver_node_driver.cpp.o] Error 1
gmake[1]: *** [CMakeFiles/Makefile2:137: CMakeFiles/alpaka_welding_cobot_moveit.dir/all] Error 2
gmake: *** [Makefile:146: all] Error 2
