[0.022s] Invoking command in '/home/alpaka-admin/my_alpaka_urdf_ws/build/alpaka_welding_cobot_moveit': CMAKE_PREFIX_PATH=${CMAKE_PREFIX_PATH}:/home/alpaka-admin/my_alpaka_urdf_ws/install/ml_model:/opt/ros/humble /usr/bin/cmake --build /home/alpaka-admin/my_alpaka_urdf_ws/build/alpaka_welding_cobot_moveit -- -j8 -l8
[0.117s] [35m[1mConsolidate compiler generated dependencies of target alpaka_welding_cobot_moveit[0m
[0.164s] [ 33%] [32mBuilding CXX object CMakeFiles/alpaka_welding_cobot_moveit.dir/src/ml_receiver_node_driver.cpp.o[0m
[8.686s] [01m[K/home/alpaka-admin/my_alpaka_urdf_ws/src/alpaka_welding_cobot_moveit/src/ml_receiver_node_driver.cpp:[m[K In member function â€˜[01m[Kvoid MlReceiverMoveitNode::onPointReceiveCallback(geometry_msgs::msg::Point_<std::allocator<void> >::SharedPtr)[m[Kâ€™:
[8.686s] [01m[K/home/alpaka-admin/my_alpaka_urdf_ws/src/alpaka_welding_cobot_moveit/src/ml_receiver_node_driver.cpp:57:5:[m[K [01;31m[Kerror: [m[Kâ€˜[01m[Kgeometry_msgs_msg[m[Kâ€™ has not been declared
[8.686s]    57 |     [01;31m[Kgeometry_msgs_msg[m[K::Pose camera_to_world;
[8.687s]       |     [01;31m[K^~~~~~~~~~~~~~~~~[m[K
[8.708s] [01m[K/home/alpaka-admin/my_alpaka_urdf_ws/src/alpaka_welding_cobot_moveit/src/ml_receiver_node_driver.cpp:66:5:[m[K [01;31m[Kerror: [m[Kâ€˜[01m[Kcamera_to_world[m[Kâ€™ was not declared in this scope
[8.708s]    66 |     [01;31m[Kcamera_to_world[m[K.position.x = transform_camera_world.translation.x;
[8.708s]       |     [01;31m[K^~~~~~~~~~~~~~~[m[K
[8.709s] [01m[K/home/alpaka-admin/my_alpaka_urdf_ws/src/alpaka_welding_cobot_moveit/src/ml_receiver_node_driver.cpp:66:57:[m[K [01;31m[Kerror: [m[Kâ€˜[01m[Kusing TransformStamped = struct geometry_msgs::msg::TransformStamped_<std::allocator<void> >[m[Kâ€™ {aka â€˜[01m[Kstruct geometry_msgs::msg::TransformStamped_<std::allocator<void> >[m[Kâ€™} has no member named â€˜[01m[Ktranslation[m[Kâ€™
[8.709s]    66 |     camera_to_world.position.x = transform_camera_world.[01;31m[Ktranslation[m[K.x;
[8.709s]       |                                                         [01;31m[K^~~~~~~~~~~[m[K
[8.709s] [01m[K/home/alpaka-admin/my_alpaka_urdf_ws/src/alpaka_welding_cobot_moveit/src/ml_receiver_node_driver.cpp:67:57:[m[K [01;31m[Kerror: [m[Kâ€˜[01m[Kusing TransformStamped = struct geometry_msgs::msg::TransformStamped_<std::allocator<void> >[m[Kâ€™ {aka â€˜[01m[Kstruct geometry_msgs::msg::TransformStamped_<std::allocator<void> >[m[Kâ€™} has no member named â€˜[01m[Ktranslation[m[Kâ€™
[8.709s]    67 |     camera_to_world.position.y = transform_camera_world.[01;31m[Ktranslation[m[K.y;
[8.709s]       |                                                         [01;31m[K^~~~~~~~~~~[m[K
[8.709s] [01m[K/home/alpaka-admin/my_alpaka_urdf_ws/src/alpaka_welding_cobot_moveit/src/ml_receiver_node_driver.cpp:68:57:[m[K [01;31m[Kerror: [m[Kâ€˜[01m[Kusing TransformStamped = struct geometry_msgs::msg::TransformStamped_<std::allocator<void> >[m[Kâ€™ {aka â€˜[01m[Kstruct geometry_msgs::msg::TransformStamped_<std::allocator<void> >[m[Kâ€™} has no member named â€˜[01m[Ktranslation[m[Kâ€™
[8.709s]    68 |     camera_to_world.position.z = transform_camera_world.[01;31m[Ktranslation[m[K.z
[8.710s]       |                                                         [01;31m[K^~~~~~~~~~~[m[K
[8.743s] [01m[K/home/alpaka-admin/my_alpaka_urdf_ws/src/alpaka_welding_cobot_moveit/src/ml_receiver_node_driver.cpp:75:39:[m[K [01;31m[Kerror: [m[Kâ€˜[01m[Kcamera_to_world_position[m[Kâ€™ was not declared in this scope
[8.743s]    75 |     target_pose.position.y = msg->y + [01;31m[Kcamera_to_world_position[m[K.y;
[8.743s]       |                                       [01;31m[K^~~~~~~~~~~~~~~~~~~~~~~~[m[K
[15.972s] gmake[2]: *** [CMakeFiles/alpaka_welding_cobot_moveit.dir/build.make:90: CMakeFiles/alpaka_welding_cobot_moveit.dir/src/ml_receiver_node_driver.cpp.o] Error 1
[15.972s] gmake[1]: *** [CMakeFiles/Makefile2:137: CMakeFiles/alpaka_welding_cobot_moveit.dir/all] Error 2
[15.973s] gmake: *** [Makefile:146: all] Error 2
[15.976s] Invoked command in '/home/alpaka-admin/my_alpaka_urdf_ws/build/alpaka_welding_cobot_moveit' returned '2': CMAKE_PREFIX_PATH=${CMAKE_PREFIX_PATH}:/home/alpaka-admin/my_alpaka_urdf_ws/install/ml_model:/opt/ros/humble /usr/bin/cmake --build /home/alpaka-admin/my_alpaka_urdf_ws/build/alpaka_welding_cobot_moveit -- -j8 -l8
